#
# A fatal error has been detected by the Java Runtime Environment:
#
#  SIGSEGV (0xb) at pc=0x00000001081c7117, pid=531, tid=0x0000000000002603
#
# JRE version: OpenJDK Runtime Environment (8.0_152-b08) (build 1.8.0_152-release-915-b08)
# Java VM: OpenJDK 64-Bit Server VM (25.152-b08 mixed mode bsd-amd64 compressed oops)
# Problematic frame:
# V  [libjvm.dylib+0x475117]
#
# Failed to write core dump. Core dumps have been disabled. To enable core dumping, try "ulimit -c unlimited" before starting Java again
#
# If you would like to submit a bug report, please visit:
#   http://bugreport.java.com/bugreport/crash.jsp
#

---------------  T H R E A D  ---------------

Current thread (0x00007f9411811000):  GCTaskThread [stack: 0x0000700000320000,0x0000700000420000] [id=9731]

siginfo: si_signo: 11 (SIGSEGV), si_code: 1 (SEGV_MAPERR), si_addr: 0x0000000003180350

Registers:
RAX=0x0000000108543d01, RBX=0x00000007a7df39f5, RCX=0x0000000000000003, RDX=0x0000000108532d60
RSP=0x000070000041fc00, RBP=0x000070000041fc70, RSI=0x00000007a1d583c8, RDI=0x0000000003180348
R8 =0x0000000000000000, R9 =0x0000000000000000, R10=0x00000007a1d583c8, R11=0x00000007a7df3410
R12=0x0000000108543d5b, R13=0x006c006200750070, R14=0x00007f94118051c0, R15=0x00000007a1d583c8
RIP=0x00000001081c7117, EFLAGS=0x0000000000010206, ERR=0x0000000000000004
  TRAPNO=0x000000000000000e

Top of Stack: (sp=0x000070000041fc00)
0x000070000041fc00:   00000007a7df0210 0000000000001000
0x000070000041fc10:   0000000000000000 0000000100245c00
0x000070000041fc20:   00000007a3ecee3a 00000007606d75d5
0x000070000041fc30:   000000000000000d 00007f94118051c0
0x000070000041fc40:   0000000000000004 00000007a7df39f5
0x000070000041fc50:   0000000108543d5b 00007f94118051c0
0x000070000041fc60:   00000007a7df39f4 0000000108532d50
0x000070000041fc70:   000070000041fca0 00000001081c4bce
0x000070000041fc80:   00000007a7df39f5 00000001085485e0
0x000070000041fc90:   00007f9411805220 00007f9411805258
0x000070000041fca0:   000070000041fcf0 00000001081c4a5e
0x000070000041fcb0:   00000007c0001868 00000007a7df39f5
0x000070000041fcc0:   00000007608703e8 0000000760870400
0x000070000041fcd0:   0000000117fd5382 0000000117fd5401
0x000070000041fce0:   0000000760870400 0000000000000240
0x000070000041fcf0:   000070000041fd90 0000000107e9351f
0x000070000041fd00:   0000000760880018 0000000117fd5381
0x000070000041fd10:   0000000117fd5300 0000000000000100
0x000070000041fd20:   0000000117fd5400 0000000117fd886c
0x000070000041fd30:   0000000117fd886b 0000000760f0d698
0x000070000041fd40:   0000000000000080 00007f94118051c0
0x000070000041fd50:   0000000760870020 00007f9410d06b10
0x000070000041fd60:   00007f9410d06d90 00007f9410d0cc10
0x000070000041fd70:   00007f9410d0cc10 00000001082f51f4
0x000070000041fd80:   00007f94118051c0 0000000000000001
0x000070000041fd90:   000070000041fdc0 00000001081c807f
0x000070000041fda0:   00007f9400000002 00007f94117d6f50
0x000070000041fdb0:   00007f9411811000 0000000000000000
0x000070000041fdc0:   000070000041fea0 0000000107fa59a8
0x000070000041fdd0:   0000000108543e60 00007f9411811000
0x000070000041fde0:   00007f9410d0b3d0 00007f9410d0b410
0x000070000041fdf0:   00007f9410d0b420 00007f9410d0b4f8 

Instructions: (pc=0x00000001081c7117)
0x00000001081c70f7:   8a 00 84 c0 74 16 48 8d 15 5c bc 36 00 8a 4a 08
0x00000001081c7107:   41 8b 7f 08 48 d3 e7 48 03 3a eb 04 49 8b 7f 08
0x00000001081c7117:   44 8b 67 08 45 85 e4 7e 0c 41 f6 c4 01 75 08 41
0x00000001081c7127:   c1 fc 03 eb 54 78 11 48 8b 07 4c 89 fe ff 90 e8 

Register to memory mapping:

RAX=0x0000000108543d01: _ZN13CellTypeState3refE+0x1 in /Applications/Android Studio.app/Contents/jre/jdk/Contents/Home/jre/lib/server/libjvm.dylib at 0x0000000107d52000
RBX=0x00000007a7df39f5 is an unknown value
RCX=0x0000000000000003 is an unknown value
RDX=0x0000000108532d60: _ZN8Universe13_narrow_klassE+0 in /Applications/Android Studio.app/Contents/jre/jdk/Contents/Home/jre/lib/server/libjvm.dylib at 0x0000000107d52000
RSP=0x000070000041fc00 is an unknown value
RBP=0x000070000041fc70 is an unknown value
RSI=0x00000007a1d583c8 is an oop

[error occurred during error reporting (printing register info), id 0xb]

Stack: [0x0000700000320000,0x0000700000420000],  sp=0x000070000041fc00,  free space=1023k
Native frames: (J=compiled Java code, j=interpreted, Vv=VM code, C=native code)
V  [libjvm.dylib+0x475117]
V  [libjvm.dylib+0x472bce]
V  [libjvm.dylib+0x472a5e]
V  [libjvm.dylib+0x14151f]
V  [libjvm.dylib+0x47607f]
V  [libjvm.dylib+0x2539a8]
V  [libjvm.dylib+0x4345d9]
C  [libsystem_pthread.dylib+0x399d]  _pthread_body+0x83
C  [libsystem_pthread.dylib+0x391a]  _pthread_body+0x0
C  [libsystem_pthread.dylib+0x1351]  thread_start+0xd


---------------  P R O C E S S  ---------------

Java Threads: ( => current thread )
  0x00007f941148c800 JavaThread "Memory manager" [_thread_blocked, id=25603, stack(0x0000700001b6b000,0x0000700001c6b000)]
  0x00007f94128a3800 JavaThread "build operations Thread 2" [_thread_blocked, id=25091, stack(0x0000700001a68000,0x0000700001b68000)]
  0x00007f9413bbb800 JavaThread "build operations" [_thread_blocked, id=24579, stack(0x0000700001965000,0x0000700001a65000)]
  0x00007f94120ef800 JavaThread "Cache worker for Artifact transforms cache (/Users/ryanwiener/.gradle/caches/transforms-1)" [_thread_blocked, id=24067, stack(0x0000700001862000,0x0000700001962000)]
  0x00007f9411d14000 JavaThread "Cache worker for file hash cache (/Users/ryanwiener/Documents/Programs/Tourneynizer/android/.gradle/4.1/fileHashes)" [_thread_blocked, id=23555, stack(0x000070000175f000,0x000070000185f000)]
  0x00007f94114c5800 JavaThread "File lock request listener" [_thread_in_native, id=23043, stack(0x000070000165c000,0x000070000175c000)]
  0x00007f9411d68000 JavaThread "Cache worker for file hash cache (/Users/ryanwiener/.gradle/caches/4.1/fileHashes)" [_thread_blocked, id=22531, stack(0x0000700001559000,0x0000700001659000)]
  0x00007f9411cea800 JavaThread "Stdin handler" [_thread_blocked, id=22019, stack(0x0000700001456000,0x0000700001556000)]
  0x00007f94114c6800 JavaThread "Asynchronous log dispatcher for DefaultDaemonConnection: socket connection from /127.0.0.1:49421 to /127.0.0.1:49422" [_thread_blocked, id=21507, stack(0x0000700001353000,0x0000700001453000)]
  0x00007f9411cee800 JavaThread "Daemon worker" [_thread_blocked, id=20995, stack(0x0000700001250000,0x0000700001350000)]
  0x00007f94114c4800 JavaThread "Cancel handler" [_thread_blocked, id=20483, stack(0x000070000114d000,0x000070000124d000)]
  0x00007f9411cb9800 JavaThread "Daemon periodic checks" [_thread_blocked, id=19971, stack(0x000070000104a000,0x000070000114a000)]
  0x00007f9411490000 JavaThread "Handler for socket connection from /127.0.0.1:49421 to /127.0.0.1:49422" [_thread_in_native, id=19459, stack(0x0000700000f47000,0x0000700001047000)]
  0x00007f9411cc8000 JavaThread "Daemon" [_thread_blocked, id=18947, stack(0x0000700000e44000,0x0000700000f44000)]
  0x00007f941148f800 JavaThread "Incoming local TCP Connector on port 49421" [_thread_in_native, id=18435, stack(0x0000700000d41000,0x0000700000e41000)]
  0x00007f94118ca000 JavaThread "Service Thread" daemon [_thread_blocked, id=17411, stack(0x0000700000b3b000,0x0000700000c3b000)]
  0x00007f941187c000 JavaThread "C1 CompilerThread1" daemon [_thread_blocked, id=16899, stack(0x0000700000a38000,0x0000700000b38000)]
  0x00007f9411027000 JavaThread "C2 CompilerThread0" daemon [_thread_blocked, id=16387, stack(0x0000700000935000,0x0000700000a35000)]
  0x00007f941187b800 JavaThread "Signal Dispatcher" daemon [_thread_blocked, id=13075, stack(0x0000700000832000,0x0000700000932000)]
  0x00007f941100d800 JavaThread "Finalizer" daemon [_thread_blocked, id=11267, stack(0x0000700000629000,0x0000700000729000)]
  0x00007f9411853800 JavaThread "Reference Handler" daemon [_thread_blocked, id=10755, stack(0x0000700000526000,0x0000700000626000)]
  0x00007f9411800800 JavaThread "main" [_thread_blocked, id=4099, stack(0x0000700000084000,0x0000700000184000)]

Other Threads:
  0x00007f941184f000 VMThread [stack: 0x0000700000423000,0x0000700000523000] [id=10243]
  0x00007f94118ca800 WatcherThread [stack: 0x0000700000c3e000,0x0000700000d3e000] [id=17923]

=>0x00007f9411811000 (exited) GCTaskThread [stack: 0x0000700000320000,0x0000700000420000] [id=9731]

VM state:at safepoint (normal execution)

VM Mutex/Monitor currently owned by a thread:  ([mutex/lock_event])
[0x00007f9410c16020] Threads_lock - owner thread: 0x00007f941184f000
[0x00007f9410c16520] Heap_lock - owner thread: 0x00007f9411cee800

Heap:
 PSYoungGen      total 137216K, used 126464K [0x00000007a0000000, 0x00000007ac380000, 0x00000007c0000000)
  eden space 126464K, 100% used [0x00000007a0000000,0x00000007a7b80000,0x00000007a7b80000)
  from space 10752K, 0% used [0x00000007a8700000,0x00000007a8700000,0x00000007a9180000)
  to   space 11776K, 30% used [0x00000007a7b80000,0x00000007a7ef8210,0x00000007a8700000)
 ParOldGen       total 109056K, used 15413K [0x0000000760000000, 0x0000000766a80000, 0x00000007a0000000)
  object space 109056K, 14% used [0x0000000760000000,0x0000000760f0d698,0x0000000766a80000)
 Metaspace       used 45467K, capacity 46420K, committed 46680K, reserved 1089536K
  class space    used 6123K, capacity 6459K, committed 6528K, reserved 1048576K

Card table byte_map: [0x0000000117fd1000,0x00000001182d2000] byte_map_base: 0x00000001144d1000

Marking Bits: (ParMarkBitMap*) 0x0000000108549128
 Begin Bits: [0x00000001184d2000, 0x0000000119cd2000)
 End Bits:   [0x0000000119cd2000, 0x000000011b4d2000)

Polling page: 0x00000001087fc000

CodeCache: size=245760Kb used=13796Kb max_used=13811Kb free=231963Kb
 bounds [0x0000000108c11000, 0x00000001099a1000, 0x0000000117c11000]
 total_blobs=5150 nmethods=4419 adapters=645
 compilation: enabled

Compilation events (10 events):
Event: 11.035 Thread 0x00007f941187c000 nmethod 4672 0x000000010998e850 code [0x000000010998e9a0, 0x000000010998eab0]
Event: 11.038 Thread 0x00007f941187c000 4673       2       com.sun.org.apache.xerces.internal.util.SymbolTable::addSymbol0 (92 bytes)
Event: 11.039 Thread 0x00007f941187c000 nmethod 4673 0x000000010998eb10 code [0x000000010998ed00, 0x000000010998f278]
Event: 11.039 Thread 0x00007f941187c000 4674   !   2       com.sun.org.apache.xerces.internal.impl.dv.xs.XSSimpleTypeDecl::checkExtraRules (214 bytes)
Event: 11.040 Thread 0x00007f941187c000 nmethod 4674 0x000000010998f750 code [0x000000010998f940, 0x000000010998ffe8]
Event: 11.040 Thread 0x00007f941187c000 4675       2       java.lang.String::replaceAll (13 bytes)
Event: 11.040 Thread 0x00007f941187c000 nmethod 4675 0x00000001099906d0 code [0x0000000109990860, 0x0000000109990a88]
Event: 11.044 Thread 0x00007f941187c000 4679       2       com.sun.org.apache.xerces.internal.impl.XMLNSDocumentScannerImpl::scanStartElement (1026 bytes)
Event: 11.045 Thread 0x00007f9411027000 nmethod 4639 0x0000000109994890 code [0x0000000109994ae0, 0x0000000109995af0]
Event: 11.045 Thread 0x00007f9411027000 4644       4       java.util.regex.Matcher::appendReplacement (571 bytes)

GC Heap History (10 events):
Event: 3.672 GC heap after
Heap after GC invocations=4 (full 1):
 PSYoungGen      total 71680K, used 0K [0x00000007a0000000, 0x00000007a8c00000, 0x00000007c0000000)
  eden space 66560K, 0% used [0x00000007a0000000,0x00000007a0000000,0x00000007a4100000)
  from space 5120K, 0% used [0x00000007a4100000,0x00000007a4100000,0x00000007a4600000)
  to   space 5120K, 0% used [0x00000007a8700000,0x00000007a8700000,0x00000007a8c00000)
 ParOldGen       total 74752K, used 12501K [0x0000000760000000, 0x0000000764900000, 0x00000007a0000000)
  object space 74752K, 16% used [0x0000000760000000,0x0000000760c35560,0x0000000764900000)
 Metaspace       used 20699K, capacity 21128K, committed 21248K, reserved 1067008K
  class space    used 2880K, capacity 3037K, committed 3072K, reserved 1048576K
}
Event: 5.090 GC heap before
{Heap before GC invocations=5 (full 1):
 PSYoungGen      total 71680K, used 66560K [0x00000007a0000000, 0x00000007a8c00000, 0x00000007c0000000)
  eden space 66560K, 100% used [0x00000007a0000000,0x00000007a4100000,0x00000007a4100000)
  from space 5120K, 0% used [0x00000007a4100000,0x00000007a4100000,0x00000007a4600000)
  to   space 5120K, 0% used [0x00000007a8700000,0x00000007a8700000,0x00000007a8c00000)
 ParOldGen       total 74752K, used 12501K [0x0000000760000000, 0x0000000764900000, 0x00000007a0000000)
  object space 74752K, 16% used [0x0000000760000000,0x0000000760c35560,0x0000000764900000)
 Metaspace       used 25879K, capacity 26436K, committed 26624K, reserved 1073152K
  class space    used 3569K, capacity 3773K, committed 3840K, reserved 1048576K
Event: 5.108 GC heap after
Heap after GC invocations=5 (full 1):
 PSYoungGen      total 97280K, used 5116K [0x00000007a0000000, 0x00000007a8c00000, 0x00000007c0000000)
  eden space 92160K, 0% used [0x00000007a0000000,0x00000007a0000000,0x00000007a5a00000)
  from space 5120K, 99% used [0x00000007a8700000,0x00000007a8bff148,0x00000007a8c00000)
  to   space 5120K, 0% used [0x00000007a8200000,0x00000007a8200000,0x00000007a8700000)
 ParOldGen       total 74752K, used 14430K [0x0000000760000000, 0x0000000764900000, 0x00000007a0000000)
  object space 74752K, 19% used [0x0000000760000000,0x0000000760e17a90,0x0000000764900000)
 Metaspace       used 25879K, capacity 26436K, committed 26624K, reserved 1073152K
  class space    used 3569K, capacity 3773K, committed 3840K, reserved 1048576K
}
Event: 7.481 GC heap before
{Heap before GC invocations=6 (full 1):
 PSYoungGen      total 97280K, used 97276K [0x00000007a0000000, 0x00000007a8c00000, 0x00000007c0000000)
  eden space 92160K, 100% used [0x00000007a0000000,0x00000007a5a00000,0x00000007a5a00000)
  from space 5120K, 99% used [0x00000007a8700000,0x00000007a8bff148,0x00000007a8c00000)
  to   space 5120K, 0% used [0x00000007a8200000,0x00000007a8200000,0x00000007a8700000)
 ParOldGen       total 74752K, used 14430K [0x0000000760000000, 0x0000000764900000, 0x00000007a0000000)
  object space 74752K, 19% used [0x0000000760000000,0x0000000760e17a90,0x0000000764900000)
 Metaspace       used 30444K, capacity 31010K, committed 31360K, reserved 1077248K
  class space    used 4165K, capacity 4358K, committed 4480K, reserved 1048576K
Event: 7.502 GC heap after
Heap after GC invocations=6 (full 1):
 PSYoungGen      total 130560K, used 5104K [0x00000007a0000000, 0x00000007a9180000, 0x00000007c0000000)
  eden space 125440K, 0% used [0x00000007a0000000,0x00000007a0000000,0x00000007a7a80000)
  from space 5120K, 99% used [0x00000007a8200000,0x00000007a86fc010,0x00000007a8700000)
  to   space 10752K, 0% used [0x00000007a8700000,0x00000007a8700000,0x00000007a9180000)
 ParOldGen       total 74752K, used 17099K [0x0000000760000000, 0x0000000764900000, 0x00000007a0000000)
  object space 74752K, 22% used [0x0000000760000000,0x00000007610b2ce8,0x0000000764900000)
 Metaspace       used 30444K, capacity 31010K, committed 31360K, reserved 1077248K
  class space    used 4165K, capacity 4358K, committed 4480K, reserved 1048576K
}
Event: 8.354 GC heap before
{Heap before GC invocations=7 (full 1):
 PSYoungGen      total 130560K, used 35370K [0x00000007a0000000, 0x00000007a9180000, 0x00000007c0000000)
  eden space 125440K, 24% used [0x00000007a0000000,0x00000007a1d8eaf0,0x00000007a7a80000)
  from space 5120K, 99% used [0x00000007a8200000,0x00000007a86fc010,0x00000007a8700000)
  to   space 10752K, 0% used [0x00000007a8700000,0x00000007a8700000,0x00000007a9180000)
 ParOldGen       total 74752K, used 17099K [0x0000000760000000, 0x0000000764900000, 0x00000007a0000000)
  object space 74752K, 22% used [0x0000000760000000,0x00000007610b2ce8,0x0000000764900000)
 Metaspace       used 34660K, capacity 35288K, committed 35416K, reserved 1079296K
  class space    used 4727K, capacity 4962K, committed 4992K, reserved 1048576K
Event: 8.376 GC heap after
Heap after GC invocations=7 (full 1):
 PSYoungGen      total 137216K, used 8933K [0x00000007a0000000, 0x00000007ac380000, 0x00000007c0000000)
  eden space 126464K, 0% used [0x00000007a0000000,0x00000007a0000000,0x00000007a7b80000)
  from space 10752K, 83% used [0x00000007a8700000,0x00000007a8fb9430,0x00000007a9180000)
  to   space 11776K, 0% used [0x00000007a7b80000,0x00000007a7b80000,0x00000007a8700000)
 ParOldGen       total 74752K, used 17099K [0x0000000760000000, 0x0000000764900000, 0x00000007a0000000)
  object space 74752K, 22% used [0x0000000760000000,0x00000007610b2ce8,0x0000000764900000)
 Metaspace       used 34660K, capacity 35288K, committed 35416K, reserved 1079296K
  class space    used 4727K, capacity 4962K, committed 4992K, reserved 1048576K
}
Event: 8.376 GC heap before
{Heap before GC invocations=8 (full 2):
 PSYoungGen      total 137216K, used 8933K [0x00000007a0000000, 0x00000007ac380000, 0x00000007c0000000)
  eden space 126464K, 0% used [0x00000007a0000000,0x00000007a0000000,0x00000007a7b80000)
  from space 10752K, 83% used [0x00000007a8700000,0x00000007a8fb9430,0x00000007a9180000)
  to   space 11776K, 0% used [0x00000007a7b80000,0x00000007a7b80000,0x00000007a8700000)
 ParOldGen       total 74752K, used 17099K [0x0000000760000000, 0x0000000764900000, 0x00000007a0000000)
  object space 74752K, 22% used [0x0000000760000000,0x00000007610b2ce8,0x0000000764900000)
 Metaspace       used 34660K, capacity 35288K, committed 35416K, reserved 1079296K
  class space    used 4727K, capacity 4962K, committed 4992K, reserved 1048576K
Event: 8.518 GC heap after
Heap after GC invocations=8 (full 2):
 PSYoungGen      total 137216K, used 0K [0x00000007a0000000, 0x00000007ac380000, 0x00000007c0000000)
  eden space 126464K, 0% used [0x00000007a0000000,0x00000007a0000000,0x00000007a7b80000)
  from space 10752K, 0% used [0x00000007a8700000,0x00000007a8700000,0x00000007a9180000)
  to   space 11776K, 0% used [0x00000007a7b80000,0x00000007a7b80000,0x00000007a8700000)
 ParOldGen       total 109056K, used 15413K [0x0000000760000000, 0x0000000766a80000, 0x00000007a0000000)
  object space 109056K, 14% used [0x0000000760000000,0x0000000760f0d698,0x0000000766a80000)
 Metaspace       used 34660K, capacity 35288K, committed 35416K, reserved 1079296K
  class space    used 4727K, capacity 4962K, committed 4992K, reserved 1048576K
}
Event: 11.051 GC heap before
{Heap before GC invocations=9 (full 2):
 PSYoungGen      total 137216K, used 126464K [0x00000007a0000000, 0x00000007ac380000, 0x00000007c0000000)
  eden space 126464K, 100% used [0x00000007a0000000,0x00000007a7b80000,0x00000007a7b80000)
  from space 10752K, 0% used [0x00000007a8700000,0x00000007a8700000,0x00000007a9180000)
  to   space 11776K, 0% used [0x00000007a7b80000,0x00000007a7b80000,0x00000007a8700000)
 ParOldGen       total 109056K, used 15413K [0x0000000760000000, 0x0000000766a80000, 0x00000007a0000000)
  object space 109056K, 14% used [0x0000000760000000,0x0000000760f0d698,0x0000000766a80000)
 Metaspace       used 45467K, capacity 46420K, committed 46680K, reserved 1089536K
  class space    used 6123K, capacity 6459K, committed 6528K, reserved 1048576K

Deoptimization events (10 events):
Event: 10.294 Thread 0x00007f9411cee800 Uncommon trap: reason=bimorphic action=maybe_recompile pc=0x000000010961d3c8 method=org.codehaus.groovy.runtime.metaclass.MetaMethodIndex.addMethodToList(Ljava/lang/Object;Lgroovy/lang/MetaMethod;)Ljava/lang/Object; @ 130
Event: 10.566 Thread 0x00007f9411cee800 Uncommon trap: reason=bimorphic action=maybe_recompile pc=0x00000001097133d0 method=java.util.AbstractList$Itr.next()Ljava/lang/Object; @ 14
Event: 10.600 Thread 0x00007f9411cee800 Uncommon trap: reason=bimorphic action=maybe_recompile pc=0x00000001097133d0 method=java.util.AbstractList$Itr.next()Ljava/lang/Object; @ 14
Event: 10.603 Thread 0x00007f9411cee800 Uncommon trap: reason=bimorphic action=maybe_recompile pc=0x00000001097133d0 method=java.util.AbstractList$Itr.next()Ljava/lang/Object; @ 14
Event: 10.614 Thread 0x00007f9411cee800 Uncommon trap: reason=bimorphic action=maybe_recompile pc=0x00000001097133d0 method=java.util.AbstractList$Itr.next()Ljava/lang/Object; @ 14
Event: 10.961 Thread 0x00007f9411cee800 Uncommon trap: reason=unstable_if action=reinterpret pc=0x00000001096208b4 method=java.lang.Integer.parseInt(Ljava/lang/String;I)I @ 197
Event: 10.977 Thread 0x00007f9411cee800 Uncommon trap: reason=bimorphic action=maybe_recompile pc=0x0000000109979968 method=java.util.regex.Pattern$Curly.match0(Ljava/util/regex/Matcher;IILjava/lang/CharSequence;)Z @ 170
Event: 10.977 Thread 0x00007f9411cee800 Uncommon trap: reason=bimorphic action=maybe_recompile pc=0x0000000109979968 method=java.util.regex.Pattern$Curly.match0(Ljava/util/regex/Matcher;IILjava/lang/CharSequence;)Z @ 170
Event: 10.977 Thread 0x00007f9411cee800 Uncommon trap: reason=bimorphic action=maybe_recompile pc=0x0000000109979968 method=java.util.regex.Pattern$Curly.match0(Ljava/util/regex/Matcher;IILjava/lang/CharSequence;)Z @ 170
Event: 10.977 Thread 0x00007f9411cee800 Uncommon trap: reason=bimorphic action=maybe_recompile pc=0x0000000109979968 method=java.util.regex.Pattern$Curly.match0(Ljava/util/regex/Matcher;IILjava/lang/CharSequence;)Z @ 170

Classes redefined (0 events):
No events

Internal exceptions (10 events):
Event: 10.505 Thread 0x00007f9411cee800 Exception <a 'sun/nio/fs/UnixException'> (0x00000007a6ea6548) thrown at [/Volumes/android/AOSP-openjdk-git/jdk8u/hotspot/src/share/vm/prims/jni.cpp, line 709]
Event: 10.505 Thread 0x00007f9411cee800 Exception <a 'sun/nio/fs/UnixException'> (0x00000007a6ea7b50) thrown at [/Volumes/android/AOSP-openjdk-git/jdk8u/hotspot/src/share/vm/prims/jni.cpp, line 709]
Event: 10.506 Thread 0x00007f9411cee800 Exception <a 'sun/nio/fs/UnixException'> (0x00000007a6ea9c58) thrown at [/Volumes/android/AOSP-openjdk-git/jdk8u/hotspot/src/share/vm/prims/jni.cpp, line 709]
Event: 10.506 Thread 0x00007f9411cee800 Exception <a 'sun/nio/fs/UnixException'> (0x00000007a6eab3c8) thrown at [/Volumes/android/AOSP-openjdk-git/jdk8u/hotspot/src/share/vm/prims/jni.cpp, line 709]
Event: 10.506 Thread 0x00007f9411cee800 Exception <a 'sun/nio/fs/UnixException'> (0x00000007a6eade58) thrown at [/Volumes/android/AOSP-openjdk-git/jdk8u/hotspot/src/share/vm/prims/jni.cpp, line 709]
Event: 10.506 Thread 0x00007f9411cee800 Exception <a 'sun/nio/fs/UnixException'> (0x00000007a6eaf460) thrown at [/Volumes/android/AOSP-openjdk-git/jdk8u/hotspot/src/share/vm/prims/jni.cpp, line 709]
Event: 10.506 Thread 0x00007f9411cee800 Exception <a 'sun/nio/fs/UnixException'> (0x00000007a6eb1498) thrown at [/Volumes/android/AOSP-openjdk-git/jdk8u/hotspot/src/share/vm/prims/jni.cpp, line 709]
Event: 10.506 Thread 0x00007f9411cee800 Exception <a 'sun/nio/fs/UnixException'> (0x00000007a6eb2b68) thrown at [/Volumes/android/AOSP-openjdk-git/jdk8u/hotspot/src/share/vm/prims/jni.cpp, line 709]
Event: 10.516 Thread 0x00007f9411cee800 Exception <a 'java/lang/ClassNotFoundException': com/sun/org/glassfish/hk2/osgiresourcelocator/ServiceLoader> (0x00000007a6f0aac8) thrown at [/Volumes/android/AOSP-openjdk-git/jdk8u/hotspot/src/share/vm/classfile/systemDictionary.cpp, line 210]
Event: 10.526 Thread 0x00007f9411cee800 Exception <a 'java/lang/NullPointerException'> (0x00000007a6f48438) thrown at [/Volumes/android/AOSP-openjdk-git/jdk8u/hotspot/src/share/vm/interpreter/linkResolver.cpp, line 1282]

Events (10 events):
Event: 10.977 Thread 0x00007f9411cee800 Uncommon trap: trap_request=0xffffffc6 fr.pc=0x0000000109979968
Event: 10.977 Thread 0x00007f9411cee800 DEOPT PACKING pc=0x0000000109979968 sp=0x000070000134c0c0
Event: 10.977 Thread 0x00007f9411cee800 DEOPT UNPACKING pc=0x0000000108c15f69 sp=0x000070000134bfe0 mode 2
Event: 10.977 Thread 0x00007f9411cee800 Uncommon trap: trap_request=0xffffffc6 fr.pc=0x0000000109979968
Event: 10.977 Thread 0x00007f9411cee800 DEOPT PACKING pc=0x0000000109979968 sp=0x000070000134c0c0
Event: 10.977 Thread 0x00007f9411cee800 DEOPT UNPACKING pc=0x0000000108c15f69 sp=0x000070000134bfe0 mode 2
Event: 10.977 Thread 0x00007f9411cee800 Uncommon trap: trap_request=0xffffffc6 fr.pc=0x0000000109979968
Event: 10.977 Thread 0x00007f9411cee800 DEOPT PACKING pc=0x0000000109979968 sp=0x000070000134c0c0
Event: 10.977 Thread 0x00007f9411cee800 DEOPT UNPACKING pc=0x0000000108c15f69 sp=0x000070000134bfe0 mode 2
Event: 11.050 Executing VM operation: ParallelGCFailedAllocation


Dynamic libraries:
0x0000000006b37000 	/System/Library/Frameworks/Cocoa.framework/Versions/A/Cocoa
0x0000000006b37000 	/System/Library/Frameworks/Security.framework/Versions/A/Security
0x0000000006b37000 	/System/Library/Frameworks/ApplicationServices.framework/Versions/A/ApplicationServices
0x0000000006b37000 	/usr/lib/libz.1.dylib
0x0000000006b37000 	/usr/lib/libSystem.B.dylib
0x0000000006b37000 	/System/Library/Frameworks/CoreFoundation.framework/Versions/A/CoreFoundation
0x0000000006b37000 	/System/Library/Frameworks/Foundation.framework/Versions/C/Foundation
0x0000000006b37000 	/usr/lib/libobjc.A.dylib
0x0000000006b37000 	/System/Library/Frameworks/AppKit.framework/Versions/C/AppKit
0x0000000006b37000 	/System/Library/Frameworks/CoreData.framework/Versions/A/CoreData
0x0000000006b37000 	/System/Library/PrivateFrameworks/RemoteViewServices.framework/Versions/A/RemoteViewServices
0x0000000006b37000 	/System/Library/PrivateFrameworks/UIFoundation.framework/Versions/A/UIFoundation
0x0000000006b37000 	/usr/lib/libScreenReader.dylib
0x0000000006b37000 	/System/Library/Frameworks/Accelerate.framework/Versions/A/Accelerate
0x0000000006b37000 	/System/Library/Frameworks/IOSurface.framework/Versions/A/IOSurface
0x0000000006b37000 	/System/Library/Frameworks/AudioToolbox.framework/Versions/A/AudioToolbox
0x0000000006b37000 	/System/Library/Frameworks/AudioUnit.framework/Versions/A/AudioUnit
0x0000000006b37000 	/System/Library/PrivateFrameworks/DataDetectorsCore.framework/Versions/A/DataDetectorsCore
0x0000000006b37000 	/System/Library/PrivateFrameworks/DesktopServicesPriv.framework/Versions/A/DesktopServicesPriv
0x0000000006b37000 	/System/Library/Frameworks/Carbon.framework/Versions/A/Frameworks/HIToolbox.framework/Versions/A/HIToolbox
0x0000000006b37000 	/System/Library/Frameworks/QuartzCore.framework/Versions/A/QuartzCore
0x0000000006b37000 	/System/Library/Frameworks/Carbon.framework/Versions/A/Frameworks/SpeechRecognition.framework/Versions/A/SpeechRecognition
0x0000000006b37000 	/usr/lib/libauto.dylib
0x0000000006b37000 	/usr/lib/libicucore.A.dylib
0x0000000006b37000 	/usr/lib/libxml2.2.dylib
0x0000000006b37000 	/System/Library/PrivateFrameworks/CoreUI.framework/Versions/A/CoreUI
0x0000000006b37000 	/System/Library/Frameworks/CoreAudio.framework/Versions/A/CoreAudio
0x0000000006b37000 	/System/Library/Frameworks/DiskArbitration.framework/Versions/A/DiskArbitration
0x0000000006b37000 	/usr/lib/liblangid.dylib
0x0000000006b37000 	/System/Library/PrivateFrameworks/MultitouchSupport.framework/Versions/A/MultitouchSupport
0x0000000006b37000 	/System/Library/Frameworks/IOKit.framework/Versions/A/IOKit
0x0000000006b37000 	/usr/lib/libDiagnosticMessagesClient.dylib
0x0000000006b37000 	/System/Library/Frameworks/CoreServices.framework/Versions/A/CoreServices
0x0000000006b37000 	/System/Library/PrivateFrameworks/PerformanceAnalysis.framework/Versions/A/PerformanceAnalysis
0x0000000006b37000 	/System/Library/PrivateFrameworks/GenerationalStorage.framework/Versions/A/GenerationalStorage
0x0000000006b37000 	/System/Library/Frameworks/OpenGL.framework/Versions/A/OpenGL
0x0000000006b37000 	/System/Library/PrivateFrameworks/Sharing.framework/Versions/A/Sharing
0x0000000006b37000 	/System/Library/Frameworks/CoreGraphics.framework/Versions/A/CoreGraphics
0x0000000006b37000 	/System/Library/Frameworks/CoreImage.framework/Versions/A/CoreImage
0x0000000006b37000 	/System/Library/Frameworks/CoreText.framework/Versions/A/CoreText
0x0000000006b37000 	/System/Library/Frameworks/ImageIO.framework/Versions/A/ImageIO
0x0000000006b37000 	/System/Library/PrivateFrameworks/Backup.framework/Versions/A/Backup
0x0000000006b37000 	/usr/lib/libextension.dylib
0x0000000006b37000 	/usr/lib/libarchive.2.dylib
0x0000000006b37000 	/System/Library/Frameworks/CFNetwork.framework/Versions/A/CFNetwork
0x0000000006b37000 	/System/Library/Frameworks/SystemConfiguration.framework/Versions/A/SystemConfiguration
0x0000000006b37000 	/usr/lib/libCRFSuite.dylib
0x0000000006b37000 	/usr/lib/libc++.1.dylib
0x0000000006b37000 	/usr/lib/libc++abi.dylib
0x0000000006b37000 	/usr/lib/system/libcache.dylib
0x0000000006b37000 	/usr/lib/system/libcommonCrypto.dylib
0x0000000006b37000 	/usr/lib/system/libcompiler_rt.dylib
0x0000000006b37000 	/usr/lib/system/libcopyfile.dylib
0x0000000006b37000 	/usr/lib/system/libcorecrypto.dylib
0x0000000006b37000 	/usr/lib/system/libdispatch.dylib
0x0000000006b37000 	/usr/lib/system/libdyld.dylib
0x0000000006b37000 	/usr/lib/system/libkeymgr.dylib
0x0000000006b37000 	/usr/lib/system/liblaunch.dylib
0x0000000006b37000 	/usr/lib/system/libmacho.dylib
0x0000000006b37000 	/usr/lib/system/libquarantine.dylib
0x0000000006b37000 	/usr/lib/system/libremovefile.dylib
0x0000000006b37000 	/usr/lib/system/libsystem_asl.dylib
0x0000000006b37000 	/usr/lib/system/libsystem_blocks.dylib
0x0000000006b37000 	/usr/lib/system/libsystem_c.dylib
0x0000000006b37000 	/usr/lib/system/libsystem_configuration.dylib
0x0000000006b37000 	/usr/lib/system/libsystem_coreservices.dylib
0x0000000006b37000 	/usr/lib/system/libsystem_coretls.dylib
0x0000000006b37000 	/usr/lib/system/libsystem_dnssd.dylib
0x0000000006b37000 	/usr/lib/system/libsystem_info.dylib
0x0000000006b37000 	/usr/lib/system/libsystem_kernel.dylib
0x0000000006b37000 	/usr/lib/system/libsystem_m.dylib
0x0000000006b37000 	/usr/lib/system/libsystem_malloc.dylib
0x0000000006b37000 	/usr/lib/system/libsystem_network.dylib
0x0000000006b37000 	/usr/lib/system/libsystem_networkextension.dylib
0x0000000006b37000 	/usr/lib/system/libsystem_notify.dylib
0x0000000006b37000 	/usr/lib/system/libsystem_platform.dylib
0x0000000006b37000 	/usr/lib/system/libsystem_pthread.dylib
0x0000000006b37000 	/usr/lib/system/libsystem_sandbox.dylib
0x0000000006b37000 	/usr/lib/system/libsystem_secinit.dylib
0x0000000006b37000 	/usr/lib/system/libsystem_trace.dylib
0x0000000006b37000 	/usr/lib/system/libunc.dylib
0x0000000006b37000 	/usr/lib/system/libunwind.dylib
0x0000000006b37000 	/usr/lib/system/libxpc.dylib
0x0000000006b37000 	/usr/lib/libenergytrace.dylib
0x0000000006b37000 	/usr/lib/libbsm.0.dylib
0x0000000006b37000 	/usr/lib/system/libkxld.dylib
0x0000000006b37000 	/usr/lib/libxar.1.dylib
0x0000000006b37000 	/usr/lib/libsqlite3.dylib
0x0000000006b37000 	/usr/lib/libpam.2.dylib
0x0000000006b37000 	/usr/lib/libOpenScriptingUtil.dylib
0x0000000006b37000 	/usr/lib/libbz2.1.0.dylib
0x0000000006b37000 	/usr/lib/liblzma.5.dylib
0x0000000006b37000 	/System/Library/Frameworks/CoreServices.framework/Versions/A/Frameworks/FSEvents.framework/Versions/A/FSEvents
0x0000000006b37000 	/System/Library/Frameworks/CoreServices.framework/Versions/A/Frameworks/CarbonCore.framework/Versions/A/CarbonCore
0x0000000006b37000 	/System/Library/Frameworks/CoreServices.framework/Versions/A/Frameworks/Metadata.framework/Versions/A/Metadata
0x0000000006b37000 	/System/Library/Frameworks/CoreServices.framework/Versions/A/Frameworks/OSServices.framework/Versions/A/OSServices
0x0000000006b37000 	/System/Library/Frameworks/CoreServices.framework/Versions/A/Frameworks/SearchKit.framework/Versions/A/SearchKit
0x0000000006b37000 	/System/Library/Frameworks/CoreServices.framework/Versions/A/Frameworks/AE.framework/Versions/A/AE
0x0000000006b37000 	/System/Library/Frameworks/CoreServices.framework/Versions/A/Frameworks/LaunchServices.framework/Versions/A/LaunchServices
0x0000000006b37000 	/System/Library/Frameworks/CoreServices.framework/Versions/A/Frameworks/DictionaryServices.framework/Versions/A/DictionaryServices
0x0000000006b37000 	/System/Library/Frameworks/CoreServices.framework/Versions/A/Frameworks/SharedFileList.framework/Versions/A/SharedFileList
0x0000000006b37000 	/System/Library/Frameworks/NetFS.framework/Versions/A/NetFS
0x0000000006b37000 	/System/Library/PrivateFrameworks/NetAuth.framework/Versions/A/NetAuth
0x0000000006b37000 	/System/Library/PrivateFrameworks/login.framework/Versions/A/Frameworks/loginsupport.framework/Versions/A/loginsupport
0x0000000006b37000 	/System/Library/PrivateFrameworks/TCC.framework/Versions/A/TCC
0x0000000006b37000 	/usr/lib/libmecabra.dylib
0x0000000006b37000 	/System/Library/Frameworks/ApplicationServices.framework/Versions/A/Frameworks/ATS.framework/Versions/A/ATS
0x0000000006b37000 	/System/Library/Frameworks/ApplicationServices.framework/Versions/A/Frameworks/ColorSync.framework/Versions/A/ColorSync
0x0000000006b37000 	/System/Library/Frameworks/ApplicationServices.framework/Versions/A/Frameworks/HIServices.framework/Versions/A/HIServices
0x0000000006b37000 	/System/Library/Frameworks/ApplicationServices.framework/Versions/A/Frameworks/LangAnalysis.framework/Versions/A/LangAnalysis
0x0000000006b37000 	/System/Library/Frameworks/ApplicationServices.framework/Versions/A/Frameworks/PrintCore.framework/Versions/A/PrintCore
0x0000000006b37000 	/System/Library/Frameworks/ApplicationServices.framework/Versions/A/Frameworks/QD.framework/Versions/A/QD
0x0000000006b37000 	/System/Library/Frameworks/ApplicationServices.framework/Versions/A/Frameworks/SpeechSynthesis.framework/Versions/A/SpeechSynthesis
0x0000000006b37000 	/System/Library/Frameworks/Metal.framework/Versions/A/Metal
0x0000000006b37000 	/System/Library/Frameworks/Accelerate.framework/Versions/A/Frameworks/vImage.framework/Versions/A/vImage
0x0000000006b37000 	/System/Library/Frameworks/Accelerate.framework/Versions/A/Frameworks/vecLib.framework/Versions/A/vecLib
0x0000000006b37000 	/System/Library/Frameworks/Accelerate.framework/Versions/A/Frameworks/vecLib.framework/Versions/A/libvDSP.dylib
0x0000000006b37000 	/System/Library/Frameworks/Accelerate.framework/Versions/A/Frameworks/vecLib.framework/Versions/A/libvMisc.dylib
0x0000000006b37000 	/System/Library/Frameworks/Accelerate.framework/Versions/A/Frameworks/vecLib.framework/Versions/A/libLAPACK.dylib
0x0000000006b37000 	/System/Library/Frameworks/Accelerate.framework/Versions/A/Frameworks/vecLib.framework/Versions/A/libBLAS.dylib
0x0000000006b37000 	/System/Library/Frameworks/Accelerate.framework/Versions/A/Frameworks/vecLib.framework/Versions/A/libLinearAlgebra.dylib
0x0000000006b37000 	/System/Library/Frameworks/Accelerate.framework/Versions/A/Frameworks/vecLib.framework/Versions/A/libSparseBLAS.dylib
0x0000000006b37000 	/System/Library/PrivateFrameworks/GPUCompiler.framework/libmetal_timestamp.dylib
0x0000000006b37000 	/System/Library/Frameworks/OpenGL.framework/Versions/A/Libraries/libCoreFSCache.dylib
0x0000000006b37000 	/System/Library/PrivateFrameworks/IOAccelerator.framework/Versions/A/IOAccelerator
0x0000000006b37000 	/System/Library/Frameworks/ApplicationServices.framework/Versions/A/Frameworks/ATS.framework/Versions/A/Resources/libFontParser.dylib
0x0000000006b37000 	/System/Library/Frameworks/ApplicationServices.framework/Versions/A/Frameworks/ATS.framework/Versions/A/Resources/libFontRegistry.dylib
0x0000000006b37000 	/System/Library/PrivateFrameworks/AppleVPA.framework/Versions/A/AppleVPA
0x0000000006b37000 	/System/Library/PrivateFrameworks/AppleJPEG.framework/Versions/A/AppleJPEG
0x0000000006b37000 	/System/Library/Frameworks/ImageIO.framework/Versions/A/Resources/libJPEG.dylib
0x0000000006b37000 	/System/Library/Frameworks/ImageIO.framework/Versions/A/Resources/libTIFF.dylib
0x0000000006b37000 	/System/Library/Frameworks/ImageIO.framework/Versions/A/Resources/libPng.dylib
0x0000000006b37000 	/System/Library/Frameworks/ImageIO.framework/Versions/A/Resources/libGIF.dylib
0x0000000006b37000 	/System/Library/Frameworks/ImageIO.framework/Versions/A/Resources/libJP2.dylib
0x0000000006b37000 	/System/Library/Frameworks/ImageIO.framework/Versions/A/Resources/libRadiance.dylib
0x0000000006b37000 	/System/Library/Frameworks/CoreVideo.framework/Versions/A/CoreVideo
0x0000000006b37000 	/System/Library/Frameworks/OpenGL.framework/Versions/A/Libraries/libGLU.dylib
0x0000000006b37000 	/System/Library/Frameworks/OpenGL.framework/Versions/A/Libraries/libGFXShared.dylib
0x0000000006b37000 	/System/Library/Frameworks/OpenGL.framework/Versions/A/Libraries/libGL.dylib
0x0000000006b37000 	/System/Library/Frameworks/OpenGL.framework/Versions/A/Libraries/libGLImage.dylib
0x0000000006b37000 	/System/Library/Frameworks/OpenGL.framework/Versions/A/Libraries/libCVMSPluginSupport.dylib
0x0000000006b37000 	/System/Library/Frameworks/OpenGL.framework/Versions/A/Libraries/libCoreVMClient.dylib
0x0000000006b37000 	/usr/lib/libcompression.dylib
0x0000000006b37000 	/usr/lib/libcups.2.dylib
0x0000000006b37000 	/System/Library/Frameworks/Kerberos.framework/Versions/A/Kerberos
0x0000000006b37000 	/System/Library/Frameworks/GSS.framework/Versions/A/GSS
0x0000000006b37000 	/usr/lib/libresolv.9.dylib
0x0000000006b37000 	/usr/lib/libiconv.2.dylib
0x0000000006b37000 	/System/Library/PrivateFrameworks/Heimdal.framework/Versions/A/Heimdal
0x0000000006b37000 	/usr/lib/libheimdal-asn1.dylib
0x0000000006b37000 	/System/Library/Frameworks/OpenDirectory.framework/Versions/A/OpenDirectory
0x0000000006b37000 	/System/Library/PrivateFrameworks/CommonAuth.framework/Versions/A/CommonAuth
0x0000000006b37000 	/System/Library/Frameworks/OpenDirectory.framework/Versions/A/Frameworks/CFOpenDirectory.framework/Versions/A/CFOpenDirectory
0x0000000006b37000 	/System/Library/Frameworks/SecurityFoundation.framework/Versions/A/SecurityFoundation
0x0000000006b37000 	/System/Library/PrivateFrameworks/LanguageModeling.framework/Versions/A/LanguageModeling
0x0000000006b37000 	/usr/lib/libmarisa.dylib
0x0000000006b37000 	/usr/lib/libChineseTokenizer.dylib
0x0000000006b37000 	/usr/lib/libcmph.dylib
0x0000000006b37000 	/System/Library/Frameworks/ServiceManagement.framework/Versions/A/ServiceManagement
0x0000000006b37000 	/usr/lib/libxslt.1.dylib
0x0000000006b37000 	/System/Library/Frameworks/Carbon.framework/Versions/A/Frameworks/Ink.framework/Versions/A/Ink
0x0000000006b37000 	/usr/lib/libFosl_dynamic.dylib
0x0000000006b37000 	/System/Library/PrivateFrameworks/FaceCore.framework/Versions/A/FaceCore
0x0000000006b37000 	/System/Library/Frameworks/OpenCL.framework/Versions/A/OpenCL
0x0000000006b37000 	/System/Library/PrivateFrameworks/CrashReporterSupport.framework/Versions/A/CrashReporterSupport
0x0000000006b37000 	/System/Library/PrivateFrameworks/IconServices.framework/Versions/A/IconServices
0x0000000006b37000 	/System/Library/PrivateFrameworks/Apple80211.framework/Versions/A/Apple80211
0x0000000006b37000 	/System/Library/Frameworks/CoreWLAN.framework/Versions/A/CoreWLAN
0x0000000006b37000 	/System/Library/Frameworks/IOBluetooth.framework/Versions/A/IOBluetooth
0x0000000006b37000 	/System/Library/PrivateFrameworks/CoreWiFi.framework/Versions/A/CoreWiFi
0x0000000006b37000 	/System/Library/Frameworks/CoreBluetooth.framework/Versions/A/CoreBluetooth
0x0000000006b37000 	/System/Library/PrivateFrameworks/ChunkingLibrary.framework/Versions/A/ChunkingLibrary
0x0000000006b37000 	/System/Library/PrivateFrameworks/DebugSymbols.framework/Versions/A/DebugSymbols
0x0000000006b37000 	/System/Library/PrivateFrameworks/CoreSymbolication.framework/Versions/A/CoreSymbolication
0x0000000006b37000 	/System/Library/PrivateFrameworks/Symbolication.framework/Versions/A/Symbolication
0x0000000006b37000 	/System/Library/PrivateFrameworks/SpeechRecognitionCore.framework/Versions/A/SpeechRecognitionCore
0x0000000107d52000 	/Applications/Android Studio.app/Contents/jre/jdk/Contents/Home/jre/lib/server/libjvm.dylib
0x0000000006b37000 	/usr/lib/libstdc++.6.dylib
0x00000001087bc000 	/Applications/Android Studio.app/Contents/jre/jdk/Contents/Home/jre/lib/libverify.dylib
0x00000001087c8000 	/Applications/Android Studio.app/Contents/jre/jdk/Contents/Home/jre/lib/libjava.dylib
0x0000000108c08000 	/Applications/Android Studio.app/Contents/jre/jdk/Contents/Home/jre/lib/libzip.dylib
0x000000011d1c7000 	/Applications/Android Studio.app/Contents/jre/jdk/Contents/Home/jre/lib/libnet.dylib
0x000000011d226000 	/Applications/Android Studio.app/Contents/jre/jdk/Contents/Home/jre/lib/libnio.dylib
0x000000011d236000 	/Users/ryanwiener/.gradle/native/25/osx-amd64/libnative-platform.dylib
0x000000011d5bf000 	/Applications/Android Studio.app/Contents/jre/jdk/Contents/Home/jre/lib/libmanagement.dylib

VM Arguments:
jvm_args: -Xmx1536m -Dfile.encoding=UTF-8 -Duser.country=US -Duser.language=en -Duser.variant 
java_command: org.gradle.launcher.daemon.bootstrap.GradleDaemon 4.1
java_class_path (initial): /Users/ryanwiener/.gradle/wrapper/dists/gradle-4.1-all/bzyivzo6n839fup2jbap0tjew/gradle-4.1/lib/gradle-launcher-4.1.jar
Launcher Type: SUN_STANDARD

Environment Variables:
PATH=/usr/bin:/bin:/usr/sbin:/sbin
SHELL=/bin/bash

Signal Handlers:
SIGSEGV: [libjvm.dylib+0x53e133], sa_mask[0]=11111111011111110111111111111111, sa_flags=SA_ONSTACK|SA_RESTART|SA_SIGINFO
SIGBUS: [libjvm.dylib+0x53e133], sa_mask[0]=11111111011111110111111111111111, sa_flags=SA_RESTART|SA_SIGINFO
SIGFPE: [libjvm.dylib+0x4369af], sa_mask[0]=11111111011111110111111111111111, sa_flags=SA_RESTART|SA_SIGINFO
SIGPIPE: [libjvm.dylib+0x4369af], sa_mask[0]=11111111011111110111111111111111, sa_flags=SA_RESTART|SA_SIGINFO
SIGXFSZ: [libjvm.dylib+0x4369af], sa_mask[0]=11111111011111110111111111111111, sa_flags=SA_RESTART|SA_SIGINFO
SIGILL: [libjvm.dylib+0x4369af], sa_mask[0]=11111111011111110111111111111111, sa_flags=SA_RESTART|SA_SIGINFO
SIGUSR1: SIG_DFL, sa_mask[0]=00000000000000000000000000000000, sa_flags=none
SIGUSR2: [libjvm.dylib+0x4372d4], sa_mask[0]=00100000000000000000000000000000, sa_flags=SA_RESTART|SA_SIGINFO
SIGHUP: [libjvm.dylib+0x4354c9], sa_mask[0]=11111111011111110111111111111111, sa_flags=SA_RESTART|SA_SIGINFO
SIGINT: [libjvm.dylib+0x4354c9], sa_mask[0]=11111111011111110111111111111111, sa_flags=SA_RESTART|SA_SIGINFO
SIGTERM: [libjvm.dylib+0x4354c9], sa_mask[0]=11111111011111110111111111111111, sa_flags=SA_RESTART|SA_SIGINFO
SIGQUIT: [libjvm.dylib+0x4354c9], sa_mask[0]=11111111011111110111111111111111, sa_flags=SA_RESTART|SA_SIGINFO


---------------  S Y S T E M  ---------------

OS:Bsduname:Darwin 15.6.0 Darwin Kernel Version 15.6.0: Mon Nov 13 21:58:35 PST 2017; root:xnu-3248.72.11~1/RELEASE_X86_64 x86_64
rlimit: STACK 8192k, CORE 0k, NPROC 709, NOFILE 10240, AS infinity
load average:3.36 4.27 4.18

CPU:total 2 (initial active 2) (2 cores per cpu, 1 threads per core) family 6 model 23 stepping 10, cmov, cx8, fxsr, mmx, sse, sse2, sse3, ssse3, sse4.1, tsc

Memory: 4k page, physical 8388608k(2425868k free)

/proc/meminfo:


vm_info: OpenJDK 64-Bit Server VM (25.152-b08) for bsd-amd64 JRE (1.8.0_152-release-915-b08), built by "builder" with gcc 4.2.1 Compatible Apple LLVM 8.1.0 (clang-802.0.42)

time: Mon Feb  5 10:47:14 2018
elapsed time: 11 seconds (0d 0h 0m 11s)

